<?xml version="1.0" encoding="UTF-8"?>
<testng-results ignored="0" total="2" passed="2" failed="0" skipped="0">
  <reporter-output>
  </reporter-output>
  <suite started-at="2023-07-28T18:47:19 IST" name="Default suite" finished-at="2023-07-28T18:48:02 IST" duration-ms="42795">
    <groups>
    </groups>
    <test started-at="2023-07-28T18:47:19 IST" name="Default test" finished-at="2023-07-28T18:48:02 IST" duration-ms="42795">
      <class name="com.test.orange_hrm_test_case">
        <test-method is-config="true" signature="launch_page()[pri:0, instance:com.test.orange_hrm_test_case@37d4349f]" started-at="2023-07-28T18:47:19 IST" name="launch_page" finished-at="2023-07-28T18:47:46 IST" duration-ms="27300" status="PASS">
          <reporter-output>
          </reporter-output>
        </test-method> <!-- launch_page -->
        <test-method signature="login_page()[pri:1, instance:com.test.orange_hrm_test_case@37d4349f]" started-at="2023-07-28T18:47:46 IST" name="login_page" finished-at="2023-07-28T18:47:52 IST" duration-ms="5190" status="PASS">
          <reporter-output>
          </reporter-output>
        </test-method> <!-- login_page -->
        <test-method signature="dashboard_page()[pri:2, instance:com.test.orange_hrm_test_case@37d4349f]" started-at="2023-07-28T18:47:52 IST" name="dashboard_page" finished-at="2023-07-28T18:48:02 IST" duration-ms="10250" status="PASS">
          <reporter-output>
          </reporter-output>
        </test-method> <!-- dashboard_page -->
      </class> <!-- com.test.orange_hrm_test_case -->
    </test> <!-- Default test -->
  </suite> <!-- Default suite -->
</testng-results>
